#-----------------------------------------------------------
# Vivado v2020.2 (64-bit)
# SW Build 3064766 on Wed Nov 18 09:12:45 MST 2020
# IP Build 3064653 on Wed Nov 18 14:17:31 MST 2020
# Start of session at: Wed Mar 15 17:25:18 2023
# Process ID: 5236
# Current directory: E:/lab02/lab02
# Command line: vivado.exe -gui_launcher_event rodinguilauncherevent9120 E:\lab02\lab02\lab02.xpr
# Log file: E:/lab02/lab02/vivado.log
# Journal file: E:/lab02/lab02\vivado.jou
#-----------------------------------------------------------
start_gui
open_project E:/lab02/lab02/lab02.xpr
INFO: [Project 1-313] Project file moved from 'C:/Users/Administrator/lab02' since last save.
WARNING: [filemgmt 56-2] Default IP Output Path : Could not find the directory 'E:/lab02/lab02/lab02.gen/sources_1', nor could it be found using path 'C:/Users/Administrator/lab02/lab02.gen/sources_1'.
CRITICAL WARNING: [Project 1-311] Could not find the file 'E:/lab02/Downloads/nexysa7.xdc', nor could it be found using path 'C:/Users/Administrator/Downloads/nexysa7.xdc'.
Scanning sources...
Finished scanning sources
INFO: [IP_Flow 19-234] Refreshing IP repositories
INFO: [IP_Flow 19-1704] No user IP repositories specified
INFO: [IP_Flow 19-2313] Loaded Vivado IP repository 'C:/Xilinx/Vivado/2020.2/data/ip'.
update_compile_order -fileset sources_1
export_ip_user_files -of_objects  [get_files E:/lab02/Downloads/nexysa7.xdc] -no_script -reset -force -quiet
remove_files  -fileset constrs_1 E:/lab02/Downloads/nexysa7.xdc
file mkdir E:/lab02/lab02/lab02.srcs/constrs_1
file mkdir E:/lab02/lab02/lab02.srcs/constrs_1/new
close [ open E:/lab02/lab02/lab02.srcs/constrs_1/new/nexysa7.xdc w ]
add_files -fileset constrs_1 E:/lab02/lab02/lab02.srcs/constrs_1/new/nexysa7.xdc
