
*** Running vivado
    with args -log keyboard.vds -m64 -product Vivado -mode batch -messageDb vivado.pb -notrace -source keyboard.tcl



****** Vivado v2020.2 (64-bit)
  **** SW Build 3064766 on Wed Nov 18 09:12:45 MST 2020
  **** IP Build 3064653 on Wed Nov 18 14:17:31 MST 2020
    ** Copyright 1986-2020 Xilinx, Inc. All Rights Reserved.

source keyboard.tcl -notrace
Command: synth_design -top keyboard -part xc7a100tcsg324-1
Starting synth_design
Attempting to get a license for feature 'Synthesis' and/or device 'xc7a100t'
INFO: [Common 17-349] Got license for feature 'Synthesis' and/or device 'xc7a100t'
INFO: [Device 21-403] Loading part xc7a100tcsg324-1
INFO: [Synth 8-7079] Multithreading enabled for synth_design using a maximum of 2 processes.
INFO: [Synth 8-7078] Launching helper process for spawning children vivado processes
INFO: [Synth 8-7075] Helper process launched with PID 4664
---------------------------------------------------------------------------------
Starting RTL Elaboration : Time (s): cpu = 00:00:02 ; elapsed = 00:00:02 . Memory (MB): peak = 1116.727 ; gain = 1.867
---------------------------------------------------------------------------------
INFO: [Synth 8-6157] synthesizing module 'keyboard' [F:/DigitalDesign2023/lab07/lab07.srcs/sources_1/new/keyboard.v:45]
INFO: [Synth 8-6157] synthesizing module 'ps2_keyboard' [F:/DigitalDesign2023/lab07/lab07.srcs/sources_1/new/ps2_keyboard.v:23]
INFO: [Synth 8-6155] done synthesizing module 'ps2_keyboard' (1#1) [F:/DigitalDesign2023/lab07/lab07.srcs/sources_1/new/ps2_keyboard.v:23]
INFO: [Synth 8-6157] synthesizing module 'scancode_ram' [F:/DigitalDesign2023/lab07/lab07.srcs/sources_1/new/scancode_ram.v:23]
INFO: [Synth 8-3876] $readmem data file 'F:/DigitalDesign2023/lab07/scancode/ascii.txt' is read successfully [F:/DigitalDesign2023/lab07/lab07.srcs/sources_1/new/scancode_ram.v:38]
INFO: [Synth 8-3876] $readmem data file 'F:/DigitalDesign2023/lab07/scancode/ascii_shift.txt' is read successfully [F:/DigitalDesign2023/lab07/lab07.srcs/sources_1/new/scancode_ram.v:39]
INFO: [Synth 8-3876] $readmem data file 'F:/DigitalDesign2023/lab07/scancode/ascii_caps.txt' is read successfully [F:/DigitalDesign2023/lab07/lab07.srcs/sources_1/new/scancode_ram.v:40]
INFO: [Synth 8-6155] done synthesizing module 'scancode_ram' (2#1) [F:/DigitalDesign2023/lab07/lab07.srcs/sources_1/new/scancode_ram.v:23]
INFO: [Synth 8-226] default block is never used [F:/DigitalDesign2023/lab07/lab07.srcs/sources_1/new/keyboard.v:161]
INFO: [Synth 8-226] default block is never used [F:/DigitalDesign2023/lab07/lab07.srcs/sources_1/new/keyboard.v:184]
INFO: [Synth 8-226] default block is never used [F:/DigitalDesign2023/lab07/lab07.srcs/sources_1/new/keyboard.v:208]
INFO: [Synth 8-226] default block is never used [F:/DigitalDesign2023/lab07/lab07.srcs/sources_1/new/keyboard.v:231]
INFO: [Synth 8-226] default block is never used [F:/DigitalDesign2023/lab07/lab07.srcs/sources_1/new/keyboard.v:255]
INFO: [Synth 8-226] default block is never used [F:/DigitalDesign2023/lab07/lab07.srcs/sources_1/new/keyboard.v:278]
INFO: [Synth 8-6155] done synthesizing module 'keyboard' (3#1) [F:/DigitalDesign2023/lab07/lab07.srcs/sources_1/new/keyboard.v:45]
---------------------------------------------------------------------------------
Finished RTL Elaboration : Time (s): cpu = 00:00:03 ; elapsed = 00:00:03 . Memory (MB): peak = 1171.551 ; gain = 56.691
---------------------------------------------------------------------------------
---------------------------------------------------------------------------------
Start Handling Custom Attributes
---------------------------------------------------------------------------------
---------------------------------------------------------------------------------
Finished Handling Custom Attributes : Time (s): cpu = 00:00:03 ; elapsed = 00:00:03 . Memory (MB): peak = 1171.551 ; gain = 56.691
---------------------------------------------------------------------------------
---------------------------------------------------------------------------------
Finished RTL Optimization Phase 1 : Time (s): cpu = 00:00:03 ; elapsed = 00:00:03 . Memory (MB): peak = 1171.551 ; gain = 56.691
---------------------------------------------------------------------------------
Netlist sorting complete. Time (s): cpu = 00:00:00 ; elapsed = 00:00:00.003 . Memory (MB): peak = 1171.551 ; gain = 0.000
INFO: [Project 1-570] Preparing netlist for logic optimization

Processing XDC Constraints
Initializing timing engine
Parsing XDC File [F:/DigitalDesign2023/lab07/lab07.srcs/constrs_1/new/nexysa7.xdc]
Finished Parsing XDC File [F:/DigitalDesign2023/lab07/lab07.srcs/constrs_1/new/nexysa7.xdc]
INFO: [Project 1-236] Implementation specific constraints were found while reading constraint file [F:/DigitalDesign2023/lab07/lab07.srcs/constrs_1/new/nexysa7.xdc]. These constraints will be ignored for synthesis but will be used in implementation. Impacted constraints are listed in the file [.Xil/keyboard_propImpl.xdc].
Resolution: To avoid this warning, move constraints listed in [.Xil/keyboard_propImpl.xdc] to another XDC file and exclude this new file from synthesis with the used_in_synthesis property (File Properties dialog in GUI) and re-run elaboration/synthesis.
Completed Processing XDC Constraints

Netlist sorting complete. Time (s): cpu = 00:00:00 ; elapsed = 00:00:00 . Memory (MB): peak = 1278.906 ; gain = 0.000
INFO: [Project 1-111] Unisim Transformation Summary:
No Unisim elements were transformed.

Constraint Validation Runtime : Time (s): cpu = 00:00:00 ; elapsed = 00:00:00.002 . Memory (MB): peak = 1278.906 ; gain = 0.000
---------------------------------------------------------------------------------
Finished Constraint Validation : Time (s): cpu = 00:00:06 ; elapsed = 00:00:06 . Memory (MB): peak = 1278.906 ; gain = 164.047
---------------------------------------------------------------------------------
---------------------------------------------------------------------------------
Start Loading Part and Timing Information
---------------------------------------------------------------------------------
Loading part: xc7a100tcsg324-1
---------------------------------------------------------------------------------
Finished Loading Part and Timing Information : Time (s): cpu = 00:00:06 ; elapsed = 00:00:06 . Memory (MB): peak = 1278.906 ; gain = 164.047
---------------------------------------------------------------------------------
---------------------------------------------------------------------------------
Start Applying 'set_property' XDC Constraints
---------------------------------------------------------------------------------
---------------------------------------------------------------------------------
Finished applying 'set_property' XDC Constraints : Time (s): cpu = 00:00:06 ; elapsed = 00:00:06 . Memory (MB): peak = 1278.906 ; gain = 164.047
---------------------------------------------------------------------------------
WARNING: [Synth 8-327] inferring latch for variable 'AN_reg' [F:/DigitalDesign2023/lab07/lab07.srcs/sources_1/new/keyboard.v:160]
WARNING: [Synth 8-327] inferring latch for variable 'HEX_reg' [F:/DigitalDesign2023/lab07/lab07.srcs/sources_1/new/keyboard.v:162]
---------------------------------------------------------------------------------
Finished RTL Optimization Phase 2 : Time (s): cpu = 00:00:07 ; elapsed = 00:00:07 . Memory (MB): peak = 1278.906 ; gain = 164.047
---------------------------------------------------------------------------------
---------------------------------------------------------------------------------
Start RTL Component Statistics 
---------------------------------------------------------------------------------
Detailed RTL Component Info : 
+---Adders : 
	   2 Input   32 Bit       Adders := 1     
	   2 Input    8 Bit       Adders := 1     
	   2 Input    4 Bit       Adders := 1     
	   2 Input    3 Bit       Adders := 3     
+---XORs : 
	                9 Bit    Wide XORs := 1     
+---Registers : 
	               32 Bit    Registers := 1     
	               10 Bit    Registers := 1     
	                8 Bit    Registers := 4     
	                4 Bit    Registers := 1     
	                3 Bit    Registers := 3     
	                1 Bit    Registers := 8     
+---RAMs : 
	               64 Bit	(8 X 8 bit)          RAMs := 1     
+---Muxes : 
	   2 Input   32 Bit        Muxes := 1     
	   2 Input   10 Bit        Muxes := 3     
	 257 Input    8 Bit        Muxes := 3     
	   2 Input    8 Bit        Muxes := 11    
	   6 Input    8 Bit        Muxes := 1     
	   2 Input    4 Bit        Muxes := 1     
	   2 Input    3 Bit        Muxes := 1     
	   2 Input    1 Bit        Muxes := 15    
	   7 Input    1 Bit        Muxes := 1     
---------------------------------------------------------------------------------
Finished RTL Component Statistics 
---------------------------------------------------------------------------------
---------------------------------------------------------------------------------
Start Part Resource Summary
---------------------------------------------------------------------------------
Part Resources:
DSPs: 240 (col length:80)
BRAMs: 270 (col length: RAMB18 80 RAMB36 40)
---------------------------------------------------------------------------------
Finished Part Resource Summary
---------------------------------------------------------------------------------
---------------------------------------------------------------------------------
Start Cross Boundary and Area Optimization
---------------------------------------------------------------------------------
---------------------------------------------------------------------------------
Finished Cross Boundary and Area Optimization : Time (s): cpu = 00:00:08 ; elapsed = 00:00:09 . Memory (MB): peak = 1278.906 ; gain = 164.047
---------------------------------------------------------------------------------
---------------------------------------------------------------------------------
Start ROM, RAM, DSP, Shift Register and Retiming Reporting
---------------------------------------------------------------------------------

Distributed RAM: Preliminary Mapping	Report (see note below)
+------------+-------------+-----------+----------------------+-------------+
|Module Name | RTL Object  | Inference | Size (Depth x Width) | Primitives  | 
+------------+-------------+-----------+----------------------+-------------+
|keyboard    | pb/fifo_reg | Implied   | 8 x 8                | RAM32M x 2	 | 
+------------+-------------+-----------+----------------------+-------------+

Note: The table above is a preliminary report that shows the Distributed RAMs at the current stage of the synthesis flow. Some Distributed RAMs may be reimplemented as non Distributed RAM primitives later in the synthesis flow. Multiple instantiated RAMs are reported only once.
---------------------------------------------------------------------------------
Finished ROM, RAM, DSP, Shift Register and Retiming Reporting
---------------------------------------------------------------------------------
---------------------------------------------------------------------------------
Start Applying XDC Timing Constraints
---------------------------------------------------------------------------------
---------------------------------------------------------------------------------
Finished Applying XDC Timing Constraints : Time (s): cpu = 00:00:12 ; elapsed = 00:00:12 . Memory (MB): peak = 1278.906 ; gain = 164.047
---------------------------------------------------------------------------------
---------------------------------------------------------------------------------
Start Timing Optimization
---------------------------------------------------------------------------------
---------------------------------------------------------------------------------
Finished Timing Optimization : Time (s): cpu = 00:00:12 ; elapsed = 00:00:12 . Memory (MB): peak = 1278.906 ; gain = 164.047
---------------------------------------------------------------------------------
---------------------------------------------------------------------------------
Start ROM, RAM, DSP, Shift Register and Retiming Reporting
---------------------------------------------------------------------------------

Distributed RAM: Final Mapping	Report
+------------+-------------+-----------+----------------------+-------------+
|Module Name | RTL Object  | Inference | Size (Depth x Width) | Primitives  | 
+------------+-------------+-----------+----------------------+-------------+
|keyboard    | pb/fifo_reg | Implied   | 8 x 8                | RAM32M x 2	 | 
+------------+-------------+-----------+----------------------+-------------+

---------------------------------------------------------------------------------
Finished ROM, RAM, DSP, Shift Register and Retiming Reporting
---------------------------------------------------------------------------------
---------------------------------------------------------------------------------
Start Technology Mapping
---------------------------------------------------------------------------------
---------------------------------------------------------------------------------
Finished Technology Mapping : Time (s): cpu = 00:00:12 ; elapsed = 00:00:12 . Memory (MB): peak = 1295.023 ; gain = 180.164
---------------------------------------------------------------------------------
---------------------------------------------------------------------------------
Start IO Insertion
---------------------------------------------------------------------------------
---------------------------------------------------------------------------------
Start Flattening Before IO Insertion
---------------------------------------------------------------------------------
---------------------------------------------------------------------------------
Finished Flattening Before IO Insertion
---------------------------------------------------------------------------------
---------------------------------------------------------------------------------
Start Final Netlist Cleanup
---------------------------------------------------------------------------------
---------------------------------------------------------------------------------
Finished Final Netlist Cleanup
---------------------------------------------------------------------------------
---------------------------------------------------------------------------------
Finished IO Insertion : Time (s): cpu = 00:00:13 ; elapsed = 00:00:14 . Memory (MB): peak = 1300.371 ; gain = 185.512
---------------------------------------------------------------------------------
---------------------------------------------------------------------------------
Start Renaming Generated Instances
---------------------------------------------------------------------------------
---------------------------------------------------------------------------------
Finished Renaming Generated Instances : Time (s): cpu = 00:00:13 ; elapsed = 00:00:14 . Memory (MB): peak = 1300.371 ; gain = 185.512
---------------------------------------------------------------------------------
---------------------------------------------------------------------------------
Start Rebuilding User Hierarchy
---------------------------------------------------------------------------------
---------------------------------------------------------------------------------
Finished Rebuilding User Hierarchy : Time (s): cpu = 00:00:13 ; elapsed = 00:00:14 . Memory (MB): peak = 1300.371 ; gain = 185.512
---------------------------------------------------------------------------------
---------------------------------------------------------------------------------
Start Renaming Generated Ports
---------------------------------------------------------------------------------
---------------------------------------------------------------------------------
Finished Renaming Generated Ports : Time (s): cpu = 00:00:13 ; elapsed = 00:00:14 . Memory (MB): peak = 1300.371 ; gain = 185.512
---------------------------------------------------------------------------------
---------------------------------------------------------------------------------
Start Handling Custom Attributes
---------------------------------------------------------------------------------
---------------------------------------------------------------------------------
Finished Handling Custom Attributes : Time (s): cpu = 00:00:13 ; elapsed = 00:00:14 . Memory (MB): peak = 1300.371 ; gain = 185.512
---------------------------------------------------------------------------------
---------------------------------------------------------------------------------
Start Renaming Generated Nets
---------------------------------------------------------------------------------
---------------------------------------------------------------------------------
Finished Renaming Generated Nets : Time (s): cpu = 00:00:13 ; elapsed = 00:00:14 . Memory (MB): peak = 1300.371 ; gain = 185.512
---------------------------------------------------------------------------------
---------------------------------------------------------------------------------
Start Writing Synthesis Report
---------------------------------------------------------------------------------

Report BlackBoxes: 
+-+--------------+----------+
| |BlackBox name |Instances |
+-+--------------+----------+
+-+--------------+----------+

Report Cell Usage: 
+------+-------+------+
|      |Cell   |Count |
+------+-------+------+
|1     |BUFG   |     1|
|2     |CARRY4 |     8|
|3     |LUT1   |     5|
|4     |LUT2   |    12|
|5     |LUT3   |    29|
|6     |LUT4   |    27|
|7     |LUT5   |    34|
|8     |LUT6   |   133|
|9     |MUXF7  |    19|
|10    |RAM32M |     2|
|11    |FDRE   |    99|
|12    |FDSE   |     1|
|13    |LD     |    13|
|14    |IBUF   |     4|
|15    |OBUF   |    20|
+------+-------+------+
---------------------------------------------------------------------------------
Finished Writing Synthesis Report : Time (s): cpu = 00:00:13 ; elapsed = 00:00:14 . Memory (MB): peak = 1300.371 ; gain = 185.512
---------------------------------------------------------------------------------
Synthesis finished with 0 errors, 0 critical warnings and 2 warnings.
Synthesis Optimization Runtime : Time (s): cpu = 00:00:09 ; elapsed = 00:00:13 . Memory (MB): peak = 1300.371 ; gain = 78.156
Synthesis Optimization Complete : Time (s): cpu = 00:00:13 ; elapsed = 00:00:14 . Memory (MB): peak = 1300.371 ; gain = 185.512
INFO: [Project 1-571] Translating synthesized netlist
Netlist sorting complete. Time (s): cpu = 00:00:00 ; elapsed = 00:00:00.004 . Memory (MB): peak = 1312.434 ; gain = 0.000
INFO: [Netlist 29-17] Analyzing 42 Unisim elements for replacement
INFO: [Netlist 29-28] Unisim Transformation completed in 0 CPU seconds
INFO: [Project 1-570] Preparing netlist for logic optimization
INFO: [Opt 31-138] Pushed 0 inverter(s) to 0 load pin(s).
Netlist sorting complete. Time (s): cpu = 00:00:00 ; elapsed = 00:00:00 . Memory (MB): peak = 1312.434 ; gain = 0.000
INFO: [Project 1-111] Unisim Transformation Summary:
  A total of 15 instances were transformed.
  LD => LDCE: 13 instances
  RAM32M => RAM32M (RAMD32(x6), RAMS32(x2)): 2 instances

INFO: [Common 17-83] Releasing license: Synthesis
30 Infos, 2 Warnings, 0 Critical Warnings and 0 Errors encountered.
synth_design completed successfully
synth_design: Time (s): cpu = 00:00:16 ; elapsed = 00:00:18 . Memory (MB): peak = 1312.434 ; gain = 197.574
INFO: [Common 17-1381] The checkpoint 'F:/DigitalDesign2023/lab07/lab07.runs/synth_1/keyboard.dcp' has been generated.
INFO: [runtcl-4] Executing : report_utilization -file keyboard_utilization_synth.rpt -pb keyboard_utilization_synth.pb
INFO: [Common 17-206] Exiting Vivado at Sun May  7 16:37:21 2023...
