#-----------------------------------------------------------
# Vivado v2020.2 (64-bit)
# SW Build 3064766 on Wed Nov 18 09:12:45 MST 2020
# IP Build 3064653 on Wed Nov 18 14:17:31 MST 2020
# Start of session at: Wed Mar 29 20:31:53 2023
# Process ID: 6552
# Current directory: F:/lab04
# Command line: vivado.exe -gui_launcher_event rodinguilauncherevent5556 F:\lab04\lab04.xpr
# Log file: F:/lab04/vivado.log
# Journal file: F:/lab04\vivado.jou
#-----------------------------------------------------------
start_gui
open_project F:/lab04/lab04.xpr
WARNING: [filemgmt 56-3] Default IP Output Path : Could not find the directory 'F:/lab04/lab04.gen/sources_1'.
Scanning sources...
Finished scanning sources
INFO: [IP_Flow 19-234] Refreshing IP repositories
INFO: [IP_Flow 19-1704] No user IP repositories specified
INFO: [IP_Flow 19-2313] Loaded Vivado IP repository 'C:/Xilinx/Vivado/2020.2/data/ip'.
update_compile_order -fileset sources_1
exit
INFO: [Common 17-206] Exiting Vivado at Wed Mar 29 21:04:43 2023...
