#-----------------------------------------------------------
# Vivado v2020.2 (64-bit)
# SW Build 3064766 on Wed Nov 18 09:12:45 MST 2020
# IP Build 3064653 on Wed Nov 18 14:17:31 MST 2020
# Start of session at: Wed Mar 29 17:43:49 2023
# Process ID: 3720
# Current directory: F:/lab04
# Command line: vivado.exe -gui_launcher_event rodinguilauncherevent3976 F:\lab04\lab04.xpr
# Log file: F:/lab04/vivado.log
# Journal file: F:/lab04\vivado.jou
#-----------------------------------------------------------
start_gui
open_project F:/lab04/lab04.xpr
WARNING: [filemgmt 56-3] Default IP Output Path : Could not find the directory 'F:/lab04/lab04.gen/sources_1'.
Scanning sources...
Finished scanning sources
INFO: [IP_Flow 19-234] Refreshing IP repositories
INFO: [IP_Flow 19-1704] No user IP repositories specified
INFO: [IP_Flow 19-2313] Loaded Vivado IP repository 'C:/Xilinx/Vivado/2020.2/data/ip'.
update_compile_order -fileset sources_1
close [ open F:/lab04/lab04.srcs/sources_1/new/display.v w ]
add_files F:/lab04/lab04.srcs/sources_1/new/display.v
update_compile_order -fileset sources_1
export_ip_user_files -of_objects  [get_files F:/lab04/lab04.srcs/sources_1/new/display.v] -no_script -reset -force -quiet
remove_files  F:/lab04/lab04.srcs/sources_1/new/display.v
remove_files  F:/lab04/lab04.srcs/sources_1/new/display.v
WARNING: [Vivado 12-818] No files matched 'F:/lab04/lab04.srcs/sources_1/new/display.v'
remove_files  F:/lab04/lab04.srcs/sources_1/new/display.v
WARNING: [Vivado 12-818] No files matched 'F:/lab04/lab04.srcs/sources_1/new/display.v'
launch_simulation
Command: launch_simulation 
INFO: [Vivado 12-5682] Launching behavioral simulation in 'F:/lab04/lab04.sim/sim_1/behav/xsim'
INFO: [SIM-utils-51] Simulation object is 'sim_1'
INFO: [SIM-utils-54] Inspecting design source files for 'lab04_timer' in fileset 'sim_1'...
INFO: [USF-XSim-97] Finding global include files...
INFO: [USF-XSim-98] Fetching design files from 'sim_1'...
INFO: [USF-XSim-2] XSim::Compile design
INFO: [USF-XSim-61] Executing 'COMPILE and ANALYZE' step in 'F:/lab04/lab04.sim/sim_1/behav/xsim'
"xvlog --incr --relax -prj lab04_timer_vlog.prj"
INFO: [VRFC 10-2263] Analyzing Verilog file "F:/lab04/lab04.srcs/sources_1/new/lab04_timer.v" into library xil_defaultlib
INFO: [VRFC 10-311] analyzing module lab04_timer
INFO: [VRFC 10-2263] Analyzing Verilog file "F:/lab04/lab04.sim/sim_1/behav/xsim/glbl.v" into library xil_defaultlib
INFO: [VRFC 10-311] analyzing module glbl
INFO: [USF-XSim-69] 'compile' step finished in '1' seconds
INFO: [USF-XSim-3] XSim::Elaborate design
INFO: [USF-XSim-61] Executing 'ELABORATE' step in 'F:/lab04/lab04.sim/sim_1/behav/xsim'
"xelab -wto d50bdca3c42e4f089240e204e83b2be5 --incr --debug typical --relax --mt 2 -L xil_defaultlib -L unisims_ver -L unimacro_ver -L secureip --snapshot lab04_timer_behav xil_defaultlib.lab04_timer xil_defaultlib.glbl -log elaborate.log"
Vivado Simulator 2020.2
Copyright 1986-1999, 2001-2020 Xilinx, Inc. All Rights Reserved.
Running: C:/Xilinx/Vivado/2020.2/bin/unwrapped/win64.o/xelab.exe -wto d50bdca3c42e4f089240e204e83b2be5 --incr --debug typical --relax --mt 2 -L xil_defaultlib -L unisims_ver -L unimacro_ver -L secureip --snapshot lab04_timer_behav xil_defaultlib.lab04_timer xil_defaultlib.glbl -log elaborate.log 
Using 2 slave threads.
Starting static elaboration
Pass Through NonSizing Optimizer
Completed static elaboration
Starting simulation data flow analysis
Completed simulation data flow analysis
Time Resolution for simulation is 1ps
Compiling module xil_defaultlib.lab04_timer
Compiling module xil_defaultlib.glbl
Built simulation snapshot lab04_timer_behav

****** Webtalk v2020.2 (64-bit)
  **** SW Build 3064766 on Wed Nov 18 09:12:45 MST 2020
  **** IP Build 3064653 on Wed Nov 18 14:17:31 MST 2020
    ** Copyright 1986-2020 Xilinx, Inc. All Rights Reserved.

source F:/lab04/lab04.sim/sim_1/behav/xsim/xsim.dir/lab04_timer_behav/webtalk/xsim_webtalk.tcl -notrace
INFO: [Common 17-206] Exiting Webtalk at Wed Mar 29 18:49:04 2023...
INFO: [USF-XSim-69] 'elaborate' step finished in '2' seconds
INFO: [USF-XSim-4] XSim::Simulate design
INFO: [USF-XSim-61] Executing 'SIMULATE' step in 'F:/lab04/lab04.sim/sim_1/behav/xsim'
INFO: [USF-XSim-98] *** Running xsim
   with args "lab04_timer_behav -key {Behavioral:sim_1:Functional:lab04_timer} -tclbatch {lab04_timer.tcl} -log {simulate.log}"
INFO: [USF-XSim-8] Loading simulator feature
Vivado Simulator 2020.2
Time resolution is 1 ps
source lab04_timer.tcl
# set curr_wave [current_wave_config]
# if { [string length $curr_wave] == 0 } {
#   if { [llength [get_objects]] > 0} {
#     add_wave /
#     set_property needs_save false [current_wave_config]
#   } else {
#      send_msg_id Add_Wave-1 WARNING "No top level signals found. Simulator will start without a wave window. If you want to open a wave window go to 'File->New Waveform Configuration' or type 'create_wave_config' in the TCL console."
#   }
# }
# run 1000ns
INFO: [USF-XSim-96] XSim completed. Design snapshot 'lab04_timer_behav' loaded.
INFO: [USF-XSim-97] XSim simulation ran for 1000ns
launch_simulation: Time (s): cpu = 00:00:04 ; elapsed = 00:00:06 . Memory (MB): peak = 1160.613 ; gain = 22.789
launch_runs synth_1 -jobs 10
[Wed Mar 29 18:49:14 2023] Launched synth_1...
Run output will be captured here: F:/lab04/lab04.runs/synth_1/runme.log
launch_runs impl_1 -jobs 10
[Wed Mar 29 18:49:37 2023] Launched impl_1...
Run output will be captured here: F:/lab04/lab04.runs/impl_1/runme.log
open_run impl_1
INFO: [Device 21-403] Loading part xc7a100tcsg324-1
Netlist sorting complete. Time (s): cpu = 00:00:00 ; elapsed = 00:00:00 . Memory (MB): peak = 1454.887 ; gain = 0.000
INFO: [Project 1-479] Netlist was created with Vivado 2020.2
INFO: [Project 1-570] Preparing netlist for logic optimization
Reading XDEF placement.
Reading placer database...
Reading XDEF routing.
Read XDEF File: Time (s): cpu = 00:00:00 ; elapsed = 00:00:00.017 . Memory (MB): peak = 1539.703 ; gain = 0.000
Restored from archive | CPU: 0.000000 secs | Memory: 0.000000 MB |
Finished XDEF File Restore: Time (s): cpu = 00:00:00 ; elapsed = 00:00:00.018 . Memory (MB): peak = 1539.703 ; gain = 0.137
Netlist sorting complete. Time (s): cpu = 00:00:00 ; elapsed = 00:00:00 . Memory (MB): peak = 1946.129 ; gain = 0.000
INFO: [Project 1-111] Unisim Transformation Summary:
No Unisim elements were transformed.

open_run: Time (s): cpu = 00:00:10 ; elapsed = 00:00:07 . Memory (MB): peak = 2110.965 ; gain = 939.582
WARNING: [Timing 38-313] There are no user specified timing constraints. Timing constraints are needed for proper timing analysis.
file mkdir F:/lab04/lab04.srcs/constrs_1
file mkdir F:/lab04/lab04.srcs/constrs_1/new
close [ open F:/lab04/lab04.srcs/constrs_1/new/nexysa7.xdc w ]
add_files -fileset constrs_1 F:/lab04/lab04.srcs/constrs_1/new/nexysa7.xdc
reset_run synth_1
launch_runs impl_1 -to_step write_bitstream -jobs 10
[Wed Mar 29 18:57:28 2023] Launched synth_1...
Run output will be captured here: F:/lab04/lab04.runs/synth_1/runme.log
[Wed Mar 29 18:57:28 2023] Launched impl_1...
Run output will be captured here: F:/lab04/lab04.runs/impl_1/runme.log
open_hw_manager
connect_hw_server -allow_non_jtag
INFO: [Labtools 27-2285] Connecting to hw_server url TCP:localhost:3121
INFO: [Labtools 27-2222] Launching hw_server...
INFO: [Labtools 27-2221] Launch Output:

****** Xilinx hw_server v2020.2
  **** Build date : Nov 18 2020 at 10:01:48
    ** Copyright 1986-2020 Xilinx, Inc. All Rights Reserved.


INFO: [Labtools 27-3415] Connecting to cs_server url TCP:localhost:3042
INFO: [Labtools 27-3417] Launching cs_server...
INFO: [Labtools 27-2221] Launch Output:


******** Xilinx cs_server v2020.2
  ****** Build date   : Nov 04 2020-05:02:56
    **** Build number : 2020.2.1604437376
      ** Copyright 2017-2020 Xilinx, Inc. All Rights Reserved.



connect_hw_server: Time (s): cpu = 00:00:00 ; elapsed = 00:00:07 . Memory (MB): peak = 2189.281 ; gain = 2.070
open_hw_target
INFO: [Labtoolstcl 44-466] Opening hw_target localhost:3121/xilinx_tcf/Digilent/210292B61BE3A
set_property PROGRAM.FILE {F:/lab04/lab04.runs/impl_1/lab04_timer.bit} [get_hw_devices xc7a100t_0]
current_hw_device [get_hw_devices xc7a100t_0]
refresh_hw_device -update_hw_probes false [lindex [get_hw_devices xc7a100t_0] 0]
INFO: [Labtools 27-1434] Device xc7a100t (JTAG device index = 0) is programmed with a design that has no supported debug core(s) in it.
set_property PROBES.FILE {} [get_hw_devices xc7a100t_0]
set_property FULL_PROBES.FILE {} [get_hw_devices xc7a100t_0]
set_property PROGRAM.FILE {F:/lab04/lab04.runs/impl_1/lab04_timer.bit} [get_hw_devices xc7a100t_0]
program_hw_devices [get_hw_devices xc7a100t_0]
INFO: [Labtools 27-3164] End of startup status: HIGH
refresh_hw_device [lindex [get_hw_devices xc7a100t_0] 0]
INFO: [Labtools 27-1434] Device xc7a100t (JTAG device index = 0) is programmed with a design that has no supported debug core(s) in it.
set_property PROBES.FILE {} [get_hw_devices xc7a100t_0]
set_property FULL_PROBES.FILE {} [get_hw_devices xc7a100t_0]
set_property PROGRAM.FILE {F:/lab04/lab04.runs/impl_1/lab04_timer.bit} [get_hw_devices xc7a100t_0]
program_hw_devices [get_hw_devices xc7a100t_0]
INFO: [Labtools 27-3164] End of startup status: HIGH
refresh_hw_device [lindex [get_hw_devices xc7a100t_0] 0]
INFO: [Labtools 27-1434] Device xc7a100t (JTAG device index = 0) is programmed with a design that has no supported debug core(s) in it.
reset_run synth_1
launch_runs impl_1 -to_step write_bitstream -jobs 10
[Wed Mar 29 19:14:03 2023] Launched synth_1...
Run output will be captured here: F:/lab04/lab04.runs/synth_1/runme.log
[Wed Mar 29 19:14:03 2023] Launched impl_1...
Run output will be captured here: F:/lab04/lab04.runs/impl_1/runme.log
set_property PROBES.FILE {} [get_hw_devices xc7a100t_0]
set_property FULL_PROBES.FILE {} [get_hw_devices xc7a100t_0]
set_property PROGRAM.FILE {F:/lab04/lab04.runs/impl_1/lab04_timer.bit} [get_hw_devices xc7a100t_0]
program_hw_devices [get_hw_devices xc7a100t_0]
INFO: [Labtools 27-3164] End of startup status: HIGH
refresh_hw_device [lindex [get_hw_devices xc7a100t_0] 0]
INFO: [Labtools 27-1434] Device xc7a100t (JTAG device index = 0) is programmed with a design that has no supported debug core(s) in it.
set_property PROBES.FILE {} [get_hw_devices xc7a100t_0]
set_property FULL_PROBES.FILE {} [get_hw_devices xc7a100t_0]
set_property PROGRAM.FILE {F:/lab04/lab04.runs/impl_1/lab04_timer.bit} [get_hw_devices xc7a100t_0]
program_hw_devices [get_hw_devices xc7a100t_0]
INFO: [Labtools 27-3164] End of startup status: HIGH
refresh_hw_device [lindex [get_hw_devices xc7a100t_0] 0]
INFO: [Labtools 27-1434] Device xc7a100t (JTAG device index = 0) is programmed with a design that has no supported debug core(s) in it.
reset_run synth_1
launch_runs impl_1 -to_step write_bitstream -jobs 10
[Wed Mar 29 19:17:29 2023] Launched synth_1...
Run output will be captured here: F:/lab04/lab04.runs/synth_1/runme.log
[Wed Mar 29 19:17:29 2023] Launched impl_1...
Run output will be captured here: F:/lab04/lab04.runs/impl_1/runme.log
set_property PROBES.FILE {} [get_hw_devices xc7a100t_0]
set_property FULL_PROBES.FILE {} [get_hw_devices xc7a100t_0]
set_property PROGRAM.FILE {F:/lab04/lab04.runs/impl_1/lab04_timer.bit} [get_hw_devices xc7a100t_0]
program_hw_devices [get_hw_devices xc7a100t_0]
INFO: [Labtools 27-3164] End of startup status: HIGH
refresh_hw_device [lindex [get_hw_devices xc7a100t_0] 0]
INFO: [Labtools 27-1434] Device xc7a100t (JTAG device index = 0) is programmed with a design that has no supported debug core(s) in it.
set_property PROBES.FILE {} [get_hw_devices xc7a100t_0]
set_property FULL_PROBES.FILE {} [get_hw_devices xc7a100t_0]
set_property PROGRAM.FILE {F:/lab04/lab04.runs/impl_1/lab04_timer.bit} [get_hw_devices xc7a100t_0]
program_hw_devices [get_hw_devices xc7a100t_0]
INFO: [Labtools 27-3164] End of startup status: HIGH
refresh_hw_device [lindex [get_hw_devices xc7a100t_0] 0]
INFO: [Labtools 27-1434] Device xc7a100t (JTAG device index = 0) is programmed with a design that has no supported debug core(s) in it.
reset_run synth_1
launch_runs impl_1 -to_step write_bitstream -jobs 10
[Wed Mar 29 19:36:13 2023] Launched synth_1...
Run output will be captured here: F:/lab04/lab04.runs/synth_1/runme.log
[Wed Mar 29 19:36:13 2023] Launched impl_1...
Run output will be captured here: F:/lab04/lab04.runs/impl_1/runme.log
reset_run synth_1
launch_runs impl_1 -to_step write_bitstream -jobs 10
[Wed Mar 29 19:38:07 2023] Launched synth_1...
Run output will be captured here: F:/lab04/lab04.runs/synth_1/runme.log
[Wed Mar 29 19:38:07 2023] Launched impl_1...
Run output will be captured here: F:/lab04/lab04.runs/impl_1/runme.log
reset_run synth_1
launch_runs impl_1 -to_step write_bitstream -jobs 10
[Wed Mar 29 19:39:56 2023] Launched synth_1...
Run output will be captured here: F:/lab04/lab04.runs/synth_1/runme.log
[Wed Mar 29 19:39:56 2023] Launched impl_1...
Run output will be captured here: F:/lab04/lab04.runs/impl_1/runme.log
set_property PROBES.FILE {} [get_hw_devices xc7a100t_0]
set_property FULL_PROBES.FILE {} [get_hw_devices xc7a100t_0]
set_property PROGRAM.FILE {F:/lab04/lab04.runs/impl_1/lab04_timer.bit} [get_hw_devices xc7a100t_0]
program_hw_devices [get_hw_devices xc7a100t_0]
INFO: [Labtools 27-3164] End of startup status: HIGH
refresh_hw_device [lindex [get_hw_devices xc7a100t_0] 0]
INFO: [Labtools 27-1434] Device xc7a100t (JTAG device index = 0) is programmed with a design that has no supported debug core(s) in it.
set_property PROBES.FILE {} [get_hw_devices xc7a100t_0]
set_property FULL_PROBES.FILE {} [get_hw_devices xc7a100t_0]
set_property PROGRAM.FILE {F:/lab04/lab04.runs/impl_1/lab04_timer.bit} [get_hw_devices xc7a100t_0]
program_hw_devices [get_hw_devices xc7a100t_0]
INFO: [Labtools 27-3164] End of startup status: HIGH
refresh_hw_device [lindex [get_hw_devices xc7a100t_0] 0]
INFO: [Labtools 27-1434] Device xc7a100t (JTAG device index = 0) is programmed with a design that has no supported debug core(s) in it.
reset_run synth_1
launch_runs impl_1 -to_step write_bitstream -jobs 10
[Wed Mar 29 19:42:53 2023] Launched synth_1...
Run output will be captured here: F:/lab04/lab04.runs/synth_1/runme.log
[Wed Mar 29 19:42:53 2023] Launched impl_1...
Run output will be captured here: F:/lab04/lab04.runs/impl_1/runme.log
set_property PROBES.FILE {} [get_hw_devices xc7a100t_0]
set_property FULL_PROBES.FILE {} [get_hw_devices xc7a100t_0]
set_property PROGRAM.FILE {F:/lab04/lab04.runs/impl_1/lab04_timer.bit} [get_hw_devices xc7a100t_0]
program_hw_devices [get_hw_devices xc7a100t_0]
INFO: [Labtools 27-3164] End of startup status: HIGH
refresh_hw_device [lindex [get_hw_devices xc7a100t_0] 0]
INFO: [Labtools 27-1434] Device xc7a100t (JTAG device index = 0) is programmed with a design that has no supported debug core(s) in it.
reset_run synth_1
launch_runs impl_1 -to_step write_bitstream -jobs 10
[Wed Mar 29 19:45:28 2023] Launched synth_1...
Run output will be captured here: F:/lab04/lab04.runs/synth_1/runme.log
[Wed Mar 29 19:45:28 2023] Launched impl_1...
Run output will be captured here: F:/lab04/lab04.runs/impl_1/runme.log
set_property PROBES.FILE {} [get_hw_devices xc7a100t_0]
set_property FULL_PROBES.FILE {} [get_hw_devices xc7a100t_0]
set_property PROGRAM.FILE {F:/lab04/lab04.runs/impl_1/lab04_timer.bit} [get_hw_devices xc7a100t_0]
program_hw_devices [get_hw_devices xc7a100t_0]
INFO: [Labtools 27-3164] End of startup status: HIGH
refresh_hw_device [lindex [get_hw_devices xc7a100t_0] 0]
INFO: [Labtools 27-1434] Device xc7a100t (JTAG device index = 0) is programmed with a design that has no supported debug core(s) in it.
reset_run impl_1
launch_runs impl_1 -jobs 10
[Wed Mar 29 19:48:37 2023] Launched impl_1...
Run output will be captured here: F:/lab04/lab04.runs/impl_1/runme.log
reset_run synth_1
launch_runs impl_1 -to_step write_bitstream -jobs 10
[Wed Mar 29 19:49:23 2023] Launched synth_1...
Run output will be captured here: F:/lab04/lab04.runs/synth_1/runme.log
[Wed Mar 29 19:49:23 2023] Launched impl_1...
Run output will be captured here: F:/lab04/lab04.runs/impl_1/runme.log
set_property PROBES.FILE {} [get_hw_devices xc7a100t_0]
set_property FULL_PROBES.FILE {} [get_hw_devices xc7a100t_0]
set_property PROGRAM.FILE {F:/lab04/lab04.runs/impl_1/lab04_timer.bit} [get_hw_devices xc7a100t_0]
program_hw_devices [get_hw_devices xc7a100t_0]
INFO: [Labtools 27-3164] End of startup status: HIGH
refresh_hw_device [lindex [get_hw_devices xc7a100t_0] 0]
INFO: [Labtools 27-1434] Device xc7a100t (JTAG device index = 0) is programmed with a design that has no supported debug core(s) in it.
reset_run synth_1
launch_runs impl_1 -to_step write_bitstream -jobs 10
[Wed Mar 29 19:57:58 2023] Launched synth_1...
Run output will be captured here: F:/lab04/lab04.runs/synth_1/runme.log
[Wed Mar 29 19:57:58 2023] Launched impl_1...
Run output will be captured here: F:/lab04/lab04.runs/impl_1/runme.log
set_property PROBES.FILE {} [get_hw_devices xc7a100t_0]
set_property FULL_PROBES.FILE {} [get_hw_devices xc7a100t_0]
set_property PROGRAM.FILE {F:/lab04/lab04.runs/impl_1/lab04_timer.bit} [get_hw_devices xc7a100t_0]
program_hw_devices [get_hw_devices xc7a100t_0]
INFO: [Labtools 27-3164] End of startup status: HIGH
refresh_hw_device [lindex [get_hw_devices xc7a100t_0] 0]
INFO: [Labtools 27-1434] Device xc7a100t (JTAG device index = 0) is programmed with a design that has no supported debug core(s) in it.
close_sim
INFO: [Simtcl 6-16] Simulation closed
exit
INFO: [Common 17-206] Exiting Vivado at Wed Mar 29 20:10:54 2023...
