
*** Running vivado
    with args -log lab05_registerfile.vds -m64 -product Vivado -mode batch -messageDb vivado.pb -notrace -source lab05_registerfile.tcl



****** Vivado v2020.2 (64-bit)
  **** SW Build 3064766 on Wed Nov 18 09:12:45 MST 2020
  **** IP Build 3064653 on Wed Nov 18 14:17:31 MST 2020
    ** Copyright 1986-2020 Xilinx, Inc. All Rights Reserved.

source lab05_registerfile.tcl -notrace
Command: synth_design -top lab05_registerfile -part xc7a100tcsg324-1
Starting synth_design
Attempting to get a license for feature 'Synthesis' and/or device 'xc7a100t'
INFO: [Common 17-349] Got license for feature 'Synthesis' and/or device 'xc7a100t'
INFO: [Device 21-403] Loading part xc7a100tcsg324-1
INFO: [Synth 8-7079] Multithreading enabled for synth_design using a maximum of 2 processes.
INFO: [Synth 8-7078] Launching helper process for spawning children vivado processes
INFO: [Synth 8-7075] Helper process launched with PID 1996
---------------------------------------------------------------------------------
Starting RTL Elaboration : Time (s): cpu = 00:00:01 ; elapsed = 00:00:02 . Memory (MB): peak = 1127.895 ; gain = 21.324
---------------------------------------------------------------------------------
INFO: [Synth 8-6157] synthesizing module 'lab05_registerfile' [F:/lab05/lab05.srcs/sources_1/new/lab05_registerfile.v:23]
CRITICAL WARNING: [Synth 8-4445] could not open $readmem data file 'F:/digitaldesign/mem1.txt'; please make sure the file is added to project and has read permission, ignoring [F:/lab05/lab05.srcs/sources_1/new/lab05_registerfile.v:45]
INFO: [Synth 8-6157] synthesizing module 'blk_mem_gen_0' [F:/lab05/lab05.runs/synth_1/.Xil/Vivado-9024-DESKTOP-V1DGMLK/realtime/blk_mem_gen_0_stub.v:6]
INFO: [Synth 8-6155] done synthesizing module 'blk_mem_gen_0' (1#1) [F:/lab05/lab05.runs/synth_1/.Xil/Vivado-9024-DESKTOP-V1DGMLK/realtime/blk_mem_gen_0_stub.v:6]
WARNING: [Synth 8-689] width (4) of port connection 'douta' does not match port width (16) of module 'blk_mem_gen_0' [F:/lab05/lab05.srcs/sources_1/new/lab05_registerfile.v:38]
INFO: [Synth 8-226] default block is never used [F:/lab05/lab05.srcs/sources_1/new/lab05_registerfile.v:80]
INFO: [Synth 8-226] default block is never used [F:/lab05/lab05.srcs/sources_1/new/lab05_registerfile.v:103]
INFO: [Synth 8-6155] done synthesizing module 'lab05_registerfile' (2#1) [F:/lab05/lab05.srcs/sources_1/new/lab05_registerfile.v:23]
---------------------------------------------------------------------------------
Finished RTL Elaboration : Time (s): cpu = 00:00:02 ; elapsed = 00:00:03 . Memory (MB): peak = 1182.168 ; gain = 75.598
---------------------------------------------------------------------------------
---------------------------------------------------------------------------------
Start Handling Custom Attributes
---------------------------------------------------------------------------------
---------------------------------------------------------------------------------
Finished Handling Custom Attributes : Time (s): cpu = 00:00:02 ; elapsed = 00:00:03 . Memory (MB): peak = 1182.168 ; gain = 75.598
---------------------------------------------------------------------------------
---------------------------------------------------------------------------------
Finished RTL Optimization Phase 1 : Time (s): cpu = 00:00:02 ; elapsed = 00:00:03 . Memory (MB): peak = 1182.168 ; gain = 75.598
---------------------------------------------------------------------------------
Netlist sorting complete. Time (s): cpu = 00:00:00 ; elapsed = 00:00:00.001 . Memory (MB): peak = 1182.168 ; gain = 0.000
INFO: [Project 1-570] Preparing netlist for logic optimization

Processing XDC Constraints
Initializing timing engine
Parsing XDC File [f:/lab05/lab05.gen/sources_1/ip/blk_mem_gen_0/blk_mem_gen_0/blk_mem_gen_0_in_context.xdc] for cell 'ipRAM'
Finished Parsing XDC File [f:/lab05/lab05.gen/sources_1/ip/blk_mem_gen_0/blk_mem_gen_0/blk_mem_gen_0_in_context.xdc] for cell 'ipRAM'
Parsing XDC File [F:/lab05/lab05.srcs/constrs_1/new/nexysa7.xdc]
Finished Parsing XDC File [F:/lab05/lab05.srcs/constrs_1/new/nexysa7.xdc]
INFO: [Project 1-236] Implementation specific constraints were found while reading constraint file [F:/lab05/lab05.srcs/constrs_1/new/nexysa7.xdc]. These constraints will be ignored for synthesis but will be used in implementation. Impacted constraints are listed in the file [.Xil/lab05_registerfile_propImpl.xdc].
Resolution: To avoid this warning, move constraints listed in [.Xil/lab05_registerfile_propImpl.xdc] to another XDC file and exclude this new file from synthesis with the used_in_synthesis property (File Properties dialog in GUI) and re-run elaboration/synthesis.
Completed Processing XDC Constraints

Netlist sorting complete. Time (s): cpu = 00:00:00 ; elapsed = 00:00:00 . Memory (MB): peak = 1253.262 ; gain = 0.000
INFO: [Project 1-111] Unisim Transformation Summary:
No Unisim elements were transformed.

Constraint Validation Runtime : Time (s): cpu = 00:00:00 ; elapsed = 00:00:00.002 . Memory (MB): peak = 1253.262 ; gain = 0.000
---------------------------------------------------------------------------------
Finished Constraint Validation : Time (s): cpu = 00:00:05 ; elapsed = 00:00:06 . Memory (MB): peak = 1253.262 ; gain = 146.691
---------------------------------------------------------------------------------
---------------------------------------------------------------------------------
Start Loading Part and Timing Information
---------------------------------------------------------------------------------
Loading part: xc7a100tcsg324-1
---------------------------------------------------------------------------------
Finished Loading Part and Timing Information : Time (s): cpu = 00:00:05 ; elapsed = 00:00:06 . Memory (MB): peak = 1253.262 ; gain = 146.691
---------------------------------------------------------------------------------
---------------------------------------------------------------------------------
Start Applying 'set_property' XDC Constraints
---------------------------------------------------------------------------------
Applied set_property KEEP_HIERARCHY = SOFT for ipRAM. (constraint file  auto generated constraint).
---------------------------------------------------------------------------------
Finished applying 'set_property' XDC Constraints : Time (s): cpu = 00:00:05 ; elapsed = 00:00:06 . Memory (MB): peak = 1253.262 ; gain = 146.691
---------------------------------------------------------------------------------
---------------------------------------------------------------------------------
Finished RTL Optimization Phase 2 : Time (s): cpu = 00:00:05 ; elapsed = 00:00:07 . Memory (MB): peak = 1253.262 ; gain = 146.691
---------------------------------------------------------------------------------
---------------------------------------------------------------------------------
Start RTL Component Statistics 
---------------------------------------------------------------------------------
Detailed RTL Component Info : 
+---Adders : 
	   2 Input   32 Bit       Adders := 1     
+---Registers : 
	               32 Bit    Registers := 1     
	                4 Bit    Registers := 1     
	                1 Bit    Registers := 1     
+---RAMs : 
	               64 Bit	(16 X 4 bit)          RAMs := 1     
+---Muxes : 
	   2 Input   32 Bit        Muxes := 1     
	   2 Input    8 Bit        Muxes := 1     
	  32 Input    7 Bit        Muxes := 1     
---------------------------------------------------------------------------------
Finished RTL Component Statistics 
---------------------------------------------------------------------------------
---------------------------------------------------------------------------------
Start Part Resource Summary
---------------------------------------------------------------------------------
Part Resources:
DSPs: 240 (col length:80)
BRAMs: 270 (col length: RAMB18 80 RAMB36 40)
---------------------------------------------------------------------------------
Finished Part Resource Summary
---------------------------------------------------------------------------------
---------------------------------------------------------------------------------
Start Cross Boundary and Area Optimization
---------------------------------------------------------------------------------
---------------------------------------------------------------------------------
Finished Cross Boundary and Area Optimization : Time (s): cpu = 00:00:06 ; elapsed = 00:00:08 . Memory (MB): peak = 1253.262 ; gain = 146.691
---------------------------------------------------------------------------------
---------------------------------------------------------------------------------
Start ROM, RAM, DSP, Shift Register and Retiming Reporting
---------------------------------------------------------------------------------

Distributed RAM: Preliminary Mapping	Report (see note below)
+-------------------+------------+-----------+----------------------+-------------+
|Module Name        | RTL Object | Inference | Size (Depth x Width) | Primitives  | 
+-------------------+------------+-----------+----------------------+-------------+
|lab05_registerfile | ram_reg    | Implied   | 16 x 4               | RAM32M x 1	 | 
+-------------------+------------+-----------+----------------------+-------------+

Note: The table above is a preliminary report that shows the Distributed RAMs at the current stage of the synthesis flow. Some Distributed RAMs may be reimplemented as non Distributed RAM primitives later in the synthesis flow. Multiple instantiated RAMs are reported only once.
---------------------------------------------------------------------------------
Finished ROM, RAM, DSP, Shift Register and Retiming Reporting
---------------------------------------------------------------------------------
---------------------------------------------------------------------------------
Start Applying XDC Timing Constraints
---------------------------------------------------------------------------------
---------------------------------------------------------------------------------
Finished Applying XDC Timing Constraints : Time (s): cpu = 00:00:09 ; elapsed = 00:00:11 . Memory (MB): peak = 1271.430 ; gain = 164.859
---------------------------------------------------------------------------------
---------------------------------------------------------------------------------
Start Timing Optimization
---------------------------------------------------------------------------------
---------------------------------------------------------------------------------
Finished Timing Optimization : Time (s): cpu = 00:00:09 ; elapsed = 00:00:11 . Memory (MB): peak = 1271.578 ; gain = 165.008
---------------------------------------------------------------------------------
---------------------------------------------------------------------------------
Start ROM, RAM, DSP, Shift Register and Retiming Reporting
---------------------------------------------------------------------------------

Distributed RAM: Final Mapping	Report
+-------------------+------------+-----------+----------------------+-------------+
|Module Name        | RTL Object | Inference | Size (Depth x Width) | Primitives  | 
+-------------------+------------+-----------+----------------------+-------------+
|lab05_registerfile | ram_reg    | Implied   | 16 x 4               | RAM32M x 1	 | 
+-------------------+------------+-----------+----------------------+-------------+

---------------------------------------------------------------------------------
Finished ROM, RAM, DSP, Shift Register and Retiming Reporting
---------------------------------------------------------------------------------
---------------------------------------------------------------------------------
Start Technology Mapping
---------------------------------------------------------------------------------
---------------------------------------------------------------------------------
Finished Technology Mapping : Time (s): cpu = 00:00:09 ; elapsed = 00:00:11 . Memory (MB): peak = 1290.637 ; gain = 184.066
---------------------------------------------------------------------------------
---------------------------------------------------------------------------------
Start IO Insertion
---------------------------------------------------------------------------------
---------------------------------------------------------------------------------
Start Flattening Before IO Insertion
---------------------------------------------------------------------------------
---------------------------------------------------------------------------------
Finished Flattening Before IO Insertion
---------------------------------------------------------------------------------
---------------------------------------------------------------------------------
Start Final Netlist Cleanup
---------------------------------------------------------------------------------
---------------------------------------------------------------------------------
Finished Final Netlist Cleanup
---------------------------------------------------------------------------------
---------------------------------------------------------------------------------
Finished IO Insertion : Time (s): cpu = 00:00:11 ; elapsed = 00:00:12 . Memory (MB): peak = 1297.414 ; gain = 190.844
---------------------------------------------------------------------------------
---------------------------------------------------------------------------------
Start Renaming Generated Instances
---------------------------------------------------------------------------------
---------------------------------------------------------------------------------
Finished Renaming Generated Instances : Time (s): cpu = 00:00:11 ; elapsed = 00:00:12 . Memory (MB): peak = 1297.414 ; gain = 190.844
---------------------------------------------------------------------------------
---------------------------------------------------------------------------------
Start Rebuilding User Hierarchy
---------------------------------------------------------------------------------
---------------------------------------------------------------------------------
Finished Rebuilding User Hierarchy : Time (s): cpu = 00:00:11 ; elapsed = 00:00:12 . Memory (MB): peak = 1297.414 ; gain = 190.844
---------------------------------------------------------------------------------
---------------------------------------------------------------------------------
Start Renaming Generated Ports
---------------------------------------------------------------------------------
---------------------------------------------------------------------------------
Finished Renaming Generated Ports : Time (s): cpu = 00:00:11 ; elapsed = 00:00:12 . Memory (MB): peak = 1297.414 ; gain = 190.844
---------------------------------------------------------------------------------
---------------------------------------------------------------------------------
Start Handling Custom Attributes
---------------------------------------------------------------------------------
---------------------------------------------------------------------------------
Finished Handling Custom Attributes : Time (s): cpu = 00:00:11 ; elapsed = 00:00:12 . Memory (MB): peak = 1297.414 ; gain = 190.844
---------------------------------------------------------------------------------
---------------------------------------------------------------------------------
Start Renaming Generated Nets
---------------------------------------------------------------------------------
---------------------------------------------------------------------------------
Finished Renaming Generated Nets : Time (s): cpu = 00:00:11 ; elapsed = 00:00:12 . Memory (MB): peak = 1297.414 ; gain = 190.844
---------------------------------------------------------------------------------
---------------------------------------------------------------------------------
Start Writing Synthesis Report
---------------------------------------------------------------------------------

Report BlackBoxes: 
+------+--------------+----------+
|      |BlackBox name |Instances |
+------+--------------+----------+
|1     |blk_mem_gen_0 |         1|
+------+--------------+----------+

Report Cell Usage: 
+------+------------+------+
|      |Cell        |Count |
+------+------------+------+
|1     |blk_mem_gen |     1|
|2     |BUFG        |     1|
|3     |CARRY4      |     8|
|4     |LUT1        |     2|
|5     |LUT4        |    12|
|6     |LUT5        |     5|
|7     |LUT6        |     7|
|8     |RAM32M      |     1|
|9     |FDRE        |    37|
|10    |IBUF        |    18|
|11    |OBUF        |    19|
+------+------------+------+
---------------------------------------------------------------------------------
Finished Writing Synthesis Report : Time (s): cpu = 00:00:11 ; elapsed = 00:00:12 . Memory (MB): peak = 1297.414 ; gain = 190.844
---------------------------------------------------------------------------------
Synthesis finished with 0 errors, 0 critical warnings and 0 warnings.
Synthesis Optimization Runtime : Time (s): cpu = 00:00:08 ; elapsed = 00:00:11 . Memory (MB): peak = 1297.414 ; gain = 119.750
Synthesis Optimization Complete : Time (s): cpu = 00:00:11 ; elapsed = 00:00:12 . Memory (MB): peak = 1297.414 ; gain = 190.844
INFO: [Project 1-571] Translating synthesized netlist
Netlist sorting complete. Time (s): cpu = 00:00:00 ; elapsed = 00:00:00.001 . Memory (MB): peak = 1309.477 ; gain = 0.000
INFO: [Netlist 29-17] Analyzing 9 Unisim elements for replacement
INFO: [Netlist 29-28] Unisim Transformation completed in 0 CPU seconds
INFO: [Project 1-570] Preparing netlist for logic optimization
INFO: [Opt 31-138] Pushed 0 inverter(s) to 0 load pin(s).
Netlist sorting complete. Time (s): cpu = 00:00:00 ; elapsed = 00:00:00 . Memory (MB): peak = 1312.469 ; gain = 0.000
INFO: [Project 1-111] Unisim Transformation Summary:
  A total of 1 instances were transformed.
  RAM32M => RAM32M (RAMD32(x6), RAMS32(x2)): 1 instance 

INFO: [Common 17-83] Releasing license: Synthesis
21 Infos, 1 Warnings, 1 Critical Warnings and 0 Errors encountered.
synth_design completed successfully
synth_design: Time (s): cpu = 00:00:15 ; elapsed = 00:00:16 . Memory (MB): peak = 1312.469 ; gain = 205.898
INFO: [runtcl-6] Synthesis results are not added to the cache due to CRITICAL_WARNING
INFO: [Common 17-1381] The checkpoint 'F:/lab05/lab05.runs/synth_1/lab05_registerfile.dcp' has been generated.
INFO: [runtcl-4] Executing : report_utilization -file lab05_registerfile_utilization_synth.rpt -pb lab05_registerfile_utilization_synth.pb
INFO: [Common 17-206] Exiting Vivado at Fri Apr 14 20:05:08 2023...
