#-----------------------------------------------------------
# Vivado v2020.2 (64-bit)
# SW Build 3064766 on Wed Nov 18 09:12:45 MST 2020
# IP Build 3064653 on Wed Nov 18 14:17:31 MST 2020
# Start of session at: Thu Apr 13 19:12:23 2023
# Process ID: 4220
# Current directory: F:/lab05
# Command line: vivado.exe -gui_launcher_event rodinguilauncherevent4836 F:\lab05\lab05.xpr
# Log file: F:/lab05/vivado.log
# Journal file: F:/lab05\vivado.jou
#-----------------------------------------------------------
start_gui
open_project F:/lab05/lab05.xpr
Scanning sources...
Finished scanning sources
INFO: [IP_Flow 19-234] Refreshing IP repositories
INFO: [IP_Flow 19-1704] No user IP repositories specified
INFO: [IP_Flow 19-2313] Loaded Vivado IP repository 'C:/Xilinx/Vivado/2020.2/data/ip'.
update_compile_order -fileset sources_1
reset_run synth_1
launch_runs impl_1 -to_step write_bitstream -jobs 20
[Thu Apr 13 19:12:52 2023] Launched synth_1...
Run output will be captured here: F:/lab05/lab05.runs/synth_1/runme.log
[Thu Apr 13 19:12:52 2023] Launched impl_1...
Run output will be captured here: F:/lab05/lab05.runs/impl_1/runme.log
open_hw_manager
connect_hw_server -allow_non_jtag
INFO: [Labtools 27-2285] Connecting to hw_server url TCP:localhost:3121
INFO: [Labtools 27-2222] Launching hw_server...
INFO: [Labtools 27-2221] Launch Output:

****** Xilinx hw_server v2020.2
  **** Build date : Nov 18 2020 at 10:01:48
    ** Copyright 1986-2020 Xilinx, Inc. All Rights Reserved.


INFO: [Labtools 27-3415] Connecting to cs_server url TCP:localhost:3042
INFO: [Labtools 27-3417] Launching cs_server...
INFO: [Labtools 27-2221] Launch Output:


******** Xilinx cs_server v2020.2
  ****** Build date   : Nov 04 2020-05:02:56
    **** Build number : 2020.2.1604437376
      ** Copyright 2017-2020 Xilinx, Inc. All Rights Reserved.



connect_hw_server: Time (s): cpu = 00:00:00 ; elapsed = 00:00:07 . Memory (MB): peak = 1181.910 ; gain = 0.000
open_hw_target
INFO: [Labtoolstcl 44-466] Opening hw_target localhost:3121/xilinx_tcf/Digilent/210292B61BE3A
set_property PROGRAM.FILE {F:/lab05/lab05.runs/impl_1/lab05_registerfile.bit} [get_hw_devices xc7a100t_0]
current_hw_device [get_hw_devices xc7a100t_0]
refresh_hw_device -update_hw_probes false [lindex [get_hw_devices xc7a100t_0] 0]
INFO: [Labtools 27-1434] Device xc7a100t (JTAG device index = 0) is programmed with a design that has no supported debug core(s) in it.
set_property PROBES.FILE {} [get_hw_devices xc7a100t_0]
set_property FULL_PROBES.FILE {} [get_hw_devices xc7a100t_0]
set_property PROGRAM.FILE {F:/lab05/lab05.runs/impl_1/lab05_registerfile.bit} [get_hw_devices xc7a100t_0]
program_hw_devices [get_hw_devices xc7a100t_0]
INFO: [Labtools 27-3164] End of startup status: HIGH
refresh_hw_device [lindex [get_hw_devices xc7a100t_0] 0]
INFO: [Labtools 27-1434] Device xc7a100t (JTAG device index = 0) is programmed with a design that has no supported debug core(s) in it.
reset_run impl_1
launch_runs impl_1 -jobs 20
[Thu Apr 13 19:35:12 2023] Launched impl_1...
Run output will be captured here: F:/lab05/lab05.runs/impl_1/runme.log
reset_run impl_1
reset_run synth_1
launch_runs impl_1 -jobs 20
[Thu Apr 13 19:35:36 2023] Launched synth_1...
Run output will be captured here: F:/lab05/lab05.runs/synth_1/runme.log
[Thu Apr 13 19:35:36 2023] Launched impl_1...
Run output will be captured here: F:/lab05/lab05.runs/impl_1/runme.log
reset_run synth_1
launch_runs impl_1 -to_step write_bitstream -jobs 20
[Thu Apr 13 19:37:48 2023] Launched synth_1...
Run output will be captured here: F:/lab05/lab05.runs/synth_1/runme.log
[Thu Apr 13 19:37:48 2023] Launched impl_1...
Run output will be captured here: F:/lab05/lab05.runs/impl_1/runme.log
set_property PROBES.FILE {} [get_hw_devices xc7a100t_0]
set_property FULL_PROBES.FILE {} [get_hw_devices xc7a100t_0]
set_property PROGRAM.FILE {F:/lab05/lab05.runs/impl_1/lab05_registerfile.bit} [get_hw_devices xc7a100t_0]
program_hw_devices [get_hw_devices xc7a100t_0]
INFO: [Labtools 27-3164] End of startup status: HIGH
refresh_hw_device [lindex [get_hw_devices xc7a100t_0] 0]
INFO: [Labtools 27-1434] Device xc7a100t (JTAG device index = 0) is programmed with a design that has no supported debug core(s) in it.
exit
INFO: [Common 17-206] Exiting Vivado at Thu Apr 13 20:04:39 2023...
